[2022-08-30T10:47:28.520] [ERROR] logErr - TypeError: Cannot read properties of undefined (reading 'user')
    at C:\Users\Derita\Desktop\CODER\BACKEND\pfinal\dist\controllers\ordenes.controller.js:71:50
    at Generator.next (<anonymous>)
    at C:\Users\Derita\Desktop\CODER\BACKEND\pfinal\dist\controllers\ordenes.controller.js:8:71
    at new Promise (<anonymous>)
    at __awaiter (C:\Users\Derita\Desktop\CODER\BACKEND\pfinal\dist\controllers\ordenes.controller.js:4:12)
    at updateOrden (C:\Users\Derita\Desktop\CODER\BACKEND\pfinal\dist\controllers\ordenes.controller.js:65:16)
    at Layer.handle [as handle_request] (C:\Users\Derita\Desktop\CODER\BACKEND\pfinal\node_modules\express\lib\router\layer.js:95:5)
    at next (C:\Users\Derita\Desktop\CODER\BACKEND\pfinal\node_modules\express\lib\router\route.js:144:13)
    at isAdmin (C:\Users\Derita\Desktop\CODER\BACKEND\pfinal\dist\middlewares\isAdmin.js:8:20)
    at Layer.handle [as handle_request] (C:\Users\Derita\Desktop\CODER\BACKEND\pfinal\node_modules\express\lib\router\layer.js:95:5)
[2022-08-30T10:59:04.262] [ERROR] logErr - TypeError: Cannot read properties of undefined (reading 'user')
    at C:\Users\Derita\Desktop\CODER\BACKEND\pfinal\dist\controllers\ordenes.controller.js:71:50
    at Generator.next (<anonymous>)
    at C:\Users\Derita\Desktop\CODER\BACKEND\pfinal\dist\controllers\ordenes.controller.js:8:71
    at new Promise (<anonymous>)
    at __awaiter (C:\Users\Derita\Desktop\CODER\BACKEND\pfinal\dist\controllers\ordenes.controller.js:4:12)
    at updateOrden (C:\Users\Derita\Desktop\CODER\BACKEND\pfinal\dist\controllers\ordenes.controller.js:65:16)
    at Layer.handle [as handle_request] (C:\Users\Derita\Desktop\CODER\BACKEND\pfinal\node_modules\express\lib\router\layer.js:95:5)
    at next (C:\Users\Derita\Desktop\CODER\BACKEND\pfinal\node_modules\express\lib\router\route.js:144:13)
    at isAdmin (C:\Users\Derita\Desktop\CODER\BACKEND\pfinal\dist\middlewares\isAdmin.js:8:20)
    at Layer.handle [as handle_request] (C:\Users\Derita\Desktop\CODER\BACKEND\pfinal\node_modules\express\lib\router\layer.js:95:5)
[2022-08-30T11:20:15.218] [WARN] logErr - Url /ordenes, método PUT no implementado
[2022-08-30T11:20:21.316] [WARN] logErr - Url /ordenes, método PUT no implementado
[2022-08-30T11:20:41.888] [WARN] logErr - Url /ordenes, método PUT no implementado
[2022-08-30T11:20:51.281] [WARN] logErr - Url /ordenes, método PUT no implementado
[2022-08-30T11:26:48.261] [WARN] logErr - Url /ordenes, método PUT no implementado
[2022-08-30T11:27:04.152] [WARN] logErr - Url /ordenes, método PUT no implementado
[2022-08-30T11:27:42.628] [WARN] logErr - Url /ordenes, método PUT no implementado
